F:\vivado_projects\EE4951_TaWork\EE4951_hls_veri\solution1\.autopilot\db\conv3x3.pp.0.cpp:26880:7: warning: Added loop label VITIS_LOOP_1207_1:   [xilinx-label-all-loops]
      for (i = 0; i < __N - 1; ++i) {
      ^~~
      VITIS_LOOP_1207_1: 
F:\vivado_projects\EE4951_TaWork\EE4951_hls_veri\solution1\.autopilot\db\conv3x3.pp.0.cpp:26880:7: note: FIX-IT applied suggested code changes
F:\vivado_projects\EE4951_TaWork\EE4951_hls_veri\solution1\.autopilot\db\conv3x3.pp.0.cpp:27854:5: warning: Added loop label VITIS_LOOP_676_1:   [xilinx-label-all-loops]
    for (unsigned i = low; i != high; ++i) {
    ^~~
    VITIS_LOOP_676_1: 
F:\vivado_projects\EE4951_TaWork\EE4951_hls_veri\solution1\.autopilot\db\conv3x3.pp.0.cpp:27854:5: note: FIX-IT applied suggested code changes
F:\vivado_projects\EE4951_TaWork\EE4951_hls_veri\solution1\.autopilot\db\conv3x3.pp.0.cpp:27868:5: warning: Added loop label VITIS_LOOP_690_1:   [xilinx-label-all-loops]
    for (unsigned i = low; i != high; ++i) {
    ^~~
    VITIS_LOOP_690_1: 
F:\vivado_projects\EE4951_TaWork\EE4951_hls_veri\solution1\.autopilot\db\conv3x3.pp.0.cpp:27868:5: note: FIX-IT applied suggested code changes
F:\vivado_projects\EE4951_TaWork\EE4951_hls_veri\solution1\.autopilot\db\conv3x3.pp.0.cpp:27882:5: warning: Added loop label VITIS_LOOP_704_1:   [xilinx-label-all-loops]
    for (unsigned i = low; i != high; ++i) {
    ^~~
    VITIS_LOOP_704_1: 
F:\vivado_projects\EE4951_TaWork\EE4951_hls_veri\solution1\.autopilot\db\conv3x3.pp.0.cpp:27882:5: note: FIX-IT applied suggested code changes
F:\vivado_projects\EE4951_TaWork\EE4951_hls_veri\solution1\.autopilot\db\conv3x3.pp.0.cpp:29499:7: warning: Added loop label VITIS_LOOP_1247_1:   [xilinx-label-all-loops]
      for (i = 0; i < __N - 1; ++i) {
      ^~~
      VITIS_LOOP_1247_1: 
F:\vivado_projects\EE4951_TaWork\EE4951_hls_veri\solution1\.autopilot\db\conv3x3.pp.0.cpp:29499:7: note: FIX-IT applied suggested code changes
F:\vivado_projects\EE4951_TaWork\EE4951_hls_veri\solution1\.autopilot\db\conv3x3.pp.0.cpp:31335:3: warning: Added loop label VITIS_LOOP_19_1:   [xilinx-label-all-loops]
  for (int f = 0; f < 3; f++)
  ^~~
  VITIS_LOOP_19_1: 
F:\vivado_projects\EE4951_TaWork\EE4951_hls_veri\solution1\.autopilot\db\conv3x3.pp.0.cpp:31335:3: note: FIX-IT applied suggested code changes
F:\vivado_projects\EE4951_TaWork\EE4951_hls_veri\solution1\.autopilot\db\conv3x3.pp.0.cpp:31337:4: warning: Added loop label VITIS_LOOP_21_2:   [xilinx-label-all-loops]
   for (int i = 0; i < 160; i++)
   ^~~
   VITIS_LOOP_21_2: 
F:\vivado_projects\EE4951_TaWork\EE4951_hls_veri\solution1\.autopilot\db\conv3x3.pp.0.cpp:31337:4: note: FIX-IT applied suggested code changes
F:\vivado_projects\EE4951_TaWork\EE4951_hls_veri\solution1\.autopilot\db\conv3x3.pp.0.cpp:31339:5: warning: Added loop label VITIS_LOOP_23_3:   [xilinx-label-all-loops]
    for (int j = 0; j < 320; j++)
    ^~~
    VITIS_LOOP_23_3: 
F:\vivado_projects\EE4951_TaWork\EE4951_hls_veri\solution1\.autopilot\db\conv3x3.pp.0.cpp:31339:5: note: FIX-IT applied suggested code changes
F:\vivado_projects\EE4951_TaWork\EE4951_hls_veri\solution1\.autopilot\db\conv3x3.pp.0.cpp:31342:6: warning: Added loop label VITIS_LOOP_26_4:   [xilinx-label-all-loops]
     for (int c = 0; c < 3; c++)
     ^~~
     VITIS_LOOP_26_4: 
F:\vivado_projects\EE4951_TaWork\EE4951_hls_veri\solution1\.autopilot\db\conv3x3.pp.0.cpp:31342:6: note: FIX-IT applied suggested code changes
F:\vivado_projects\EE4951_TaWork\EE4951_hls_veri\solution1\.autopilot\db\conv3x3.pp.0.cpp:31345:2: warning: Added loop label VITIS_LOOP_29_5:   [xilinx-label-all-loops]
 for (int kh = 0; kh < 3; kh++)
 ^~~
 VITIS_LOOP_29_5: 
F:\vivado_projects\EE4951_TaWork\EE4951_hls_veri\solution1\.autopilot\db\conv3x3.pp.0.cpp:31345:2: note: FIX-IT applied suggested code changes
F:\vivado_projects\EE4951_TaWork\EE4951_hls_veri\solution1\.autopilot\db\conv3x3.pp.0.cpp:31348:2: warning: Added loop label VITIS_LOOP_32_6:   [xilinx-label-all-loops]
 for (int kw = 0; kw < 3; kw++)
 ^~~
 VITIS_LOOP_32_6: 
F:\vivado_projects\EE4951_TaWork\EE4951_hls_veri\solution1\.autopilot\db\conv3x3.pp.0.cpp:31348:2: note: FIX-IT applied suggested code changes
