F:/vivado_projects/EE4951_TaWork/EE4951_hls_veri/solution1/csynth.tcl:25:9: warning: HLS pragma dump _XLX_SEP_ PragmaIsValid=1_XLX_SEP_ PragmaType=top_XLX_SEP_ PragmaContext=directive_XLX_SEP_ PragmaFunction=main_func_XLX_SEP_ PragmaOptions=name=main_func_XLX_SEP_ [-Wdump-hls-pragmas]
#pragma HLSDIRECTIVE TOP name=main_func
        ^
F:/vivado_projects/EE4951_TaWork/EE4951_hls_veri/solution1/directives.tcl:7:9: warning: HLS pragma dump _XLX_SEP_ PragmaIsValid=1_XLX_SEP_ PragmaType=top_XLX_SEP_ PragmaContext=directive_XLX_SEP_ PragmaFunction=main_func_XLX_SEP_ PragmaOptions=name=main_func_XLX_SEP_ [-Wdump-hls-pragmas]
#pragma HLSDIRECTIVE TOP name=main_func
        ^
EE4951_hls_veri/main_func.cpp:13:9: warning: HLS pragma dump _XLX_SEP_ PragmaIsValid=1_XLX_SEP_ PragmaType=interface_XLX_SEP_ PragmaContext=_XLX_SEP_ PragmaFunction=main_func_XLX_SEP_ PragmaOptions=m_axi depth=1 port=input_feature_map bundle=fm_XLX_SEP_ [-Wdump-hls-pragmas]
#pragma HLS INTERFACE m_axi depth=1 port=input_feature_map bundle=fm
        ^
EE4951_hls_veri/main_func.cpp:14:9: warning: HLS pragma dump _XLX_SEP_ PragmaIsValid=1_XLX_SEP_ PragmaType=interface_XLX_SEP_ PragmaContext=_XLX_SEP_ PragmaFunction=main_func_XLX_SEP_ PragmaOptions=m_axi depth=1 port=layer_weights bundle=wt_XLX_SEP_ [-Wdump-hls-pragmas]
#pragma HLS INTERFACE m_axi depth=1 port=layer_weights bundle=wt
        ^
EE4951_hls_veri/main_func.cpp:15:9: warning: HLS pragma dump _XLX_SEP_ PragmaIsValid=1_XLX_SEP_ PragmaType=interface_XLX_SEP_ PragmaContext=_XLX_SEP_ PragmaFunction=main_func_XLX_SEP_ PragmaOptions=m_axi depth=1 port=layer_bias bundle=wt_XLX_SEP_ [-Wdump-hls-pragmas]
#pragma HLS INTERFACE m_axi depth=1 port=layer_bias bundle=wt
        ^
EE4951_hls_veri/main_func.cpp:16:9: warning: HLS pragma dump _XLX_SEP_ PragmaIsValid=1_XLX_SEP_ PragmaType=interface_XLX_SEP_ PragmaContext=_XLX_SEP_ PragmaFunction=main_func_XLX_SEP_ PragmaOptions=m_axi depth=1 port=output_feature_map bundle=fm_XLX_SEP_ [-Wdump-hls-pragmas]
#pragma HLS INTERFACE m_axi depth=1 port=output_feature_map bundle=fm
        ^
EE4951_hls_veri/main_func.cpp:17:9: warning: HLS pragma dump _XLX_SEP_ PragmaIsValid=1_XLX_SEP_ PragmaType=interface_XLX_SEP_ PragmaContext=_XLX_SEP_ PragmaFunction=main_func_XLX_SEP_ PragmaOptions=s_axilite register port=return_XLX_SEP_ [-Wdump-hls-pragmas]
#pragma HLS INTERFACE s_axilite register port=return
        ^
7 warnings generated.
